2026-02-04 20:49:05,491:WARNING:
'cuml' is a soft dependency and not included in the pycaret installation. Please run: `pip install cuml` to install.
2026-02-04 20:49:05,491:WARNING:
'cuml' is a soft dependency and not included in the pycaret installation. Please run: `pip install cuml` to install.
2026-02-04 20:49:05,491:WARNING:
'cuml' is a soft dependency and not included in the pycaret installation. Please run: `pip install cuml` to install.
2026-02-04 20:49:05,493:WARNING:
'cuml' is a soft dependency and not included in the pycaret installation. Please run: `pip install cuml` to install.
2026-02-04 20:51:26,032:INFO:Initializing load_model()
2026-02-04 20:51:26,032:INFO:load_model(model_name=polmaraton_model, platform=None, authentication=None, verbose=True)
2026-02-04 20:51:26,364:INFO:Initializing predict_model()
2026-02-04 20:51:26,364:INFO:predict_model(self=<pycaret.regression.oop.RegressionExperiment object at 0x000002B1E875ECD0>, estimator=Pipeline(memory=Memory(location=None),
         steps=[('numerical_imputer',
                 TransformerWrapper(include=['5 km Czas', 'Wiek'],
                                    transformer=SimpleImputer())),
                ('categorical_imputer',
                 TransformerWrapper(include=['P³eæ'],
                                    transformer=SimpleImputer(strategy='most_frequent'))),
                ('ordinal_encoding',
                 TransformerWrapper(include=['P³eæ'],
                                    transformer=OrdinalEncoder(cols=['P³eæ'],
                                                               handle_missing='return_nan',
                                                               mapping=[{'col': 'P³eæ',
                                                                         'data_type': dtype('O'),
                                                                         'mapping': K      0
M      1
NaN   -1
dtype: int64}]))),
                ('clean_column_names',
                 TransformerWrapper(transformer=CleanColumnNames())),
                ('actual_estimator',
                 GradientBoostingRegressor(random_state=3219))]), probability_threshold=None, encoded_labels=False, raw_score=False, round=4, verbose=True, ml_usecase=None, preprocess=True, encode_labels=<function _SupervisedExperiment.predict_model.<locals>.encode_labels at 0x000002B1E9D69800>)
2026-02-04 20:51:26,364:INFO:Checking exceptions
2026-02-04 20:51:26,364:INFO:Preloading libraries
2026-02-04 20:51:26,366:INFO:Set up data.
2026-02-04 20:51:26,374:INFO:Set up index.
2026-02-04 20:51:54,815:INFO:Initializing predict_model()
2026-02-04 20:51:54,816:INFO:predict_model(self=<pycaret.regression.oop.RegressionExperiment object at 0x000002B1E9CC2CD0>, estimator=Pipeline(memory=Memory(location=None),
         steps=[('numerical_imputer',
                 TransformerWrapper(include=['5 km Czas', 'Wiek'],
                                    transformer=SimpleImputer())),
                ('categorical_imputer',
                 TransformerWrapper(include=['P³eæ'],
                                    transformer=SimpleImputer(strategy='most_frequent'))),
                ('ordinal_encoding',
                 TransformerWrapper(include=['P³eæ'],
                                    transformer=OrdinalEncoder(cols=['P³eæ'],
                                                               handle_missing='return_nan',
                                                               mapping=[{'col': 'P³eæ',
                                                                         'data_type': dtype('O'),
                                                                         'mapping': K      0
M      1
NaN   -1
dtype: int64}]))),
                ('clean_column_names',
                 TransformerWrapper(transformer=CleanColumnNames())),
                ('actual_estimator',
                 GradientBoostingRegressor(random_state=3219))]), probability_threshold=None, encoded_labels=False, raw_score=False, round=4, verbose=True, ml_usecase=None, preprocess=True, encode_labels=<function _SupervisedExperiment.predict_model.<locals>.encode_labels at 0x000002B1E8A891C0>)
2026-02-04 20:51:54,816:INFO:Checking exceptions
2026-02-04 20:51:54,816:INFO:Preloading libraries
2026-02-04 20:51:54,816:INFO:Set up data.
2026-02-04 20:51:54,820:INFO:Set up index.
2026-02-04 22:00:57,384:INFO:Initializing predict_model()
2026-02-04 22:00:57,384:INFO:predict_model(self=<pycaret.regression.oop.RegressionExperiment object at 0x000002B1E9C65DD0>, estimator=Pipeline(memory=Memory(location=None),
         steps=[('numerical_imputer',
                 TransformerWrapper(include=['5 km Czas', 'Wiek'],
                                    transformer=SimpleImputer())),
                ('categorical_imputer',
                 TransformerWrapper(include=['P³eæ'],
                                    transformer=SimpleImputer(strategy='most_frequent'))),
                ('ordinal_encoding',
                 TransformerWrapper(include=['P³eæ'],
                                    transformer=OrdinalEncoder(cols=['P³eæ'],
                                                               handle_missing='return_nan',
                                                               mapping=[{'col': 'P³eæ',
                                                                         'data_type': dtype('O'),
                                                                         'mapping': K      0
M      1
NaN   -1
dtype: int64}]))),
                ('clean_column_names',
                 TransformerWrapper(transformer=CleanColumnNames())),
                ('actual_estimator',
                 GradientBoostingRegressor(random_state=3219))]), probability_threshold=None, encoded_labels=False, raw_score=False, round=4, verbose=True, ml_usecase=None, preprocess=True, encode_labels=<function _SupervisedExperiment.predict_model.<locals>.encode_labels at 0x000002B1E9D86480>)
2026-02-04 22:00:57,384:INFO:Checking exceptions
2026-02-04 22:00:57,384:INFO:Preloading libraries
2026-02-04 22:00:57,385:INFO:Set up data.
2026-02-04 22:00:57,389:INFO:Set up index.
2026-02-07 14:57:30,868:WARNING:
'cuml' is a soft dependency and not included in the pycaret installation. Please run: `pip install cuml` to install.
2026-02-07 14:57:30,868:WARNING:
'cuml' is a soft dependency and not included in the pycaret installation. Please run: `pip install cuml` to install.
2026-02-07 14:57:30,868:WARNING:
'cuml' is a soft dependency and not included in the pycaret installation. Please run: `pip install cuml` to install.
2026-02-07 14:57:30,868:WARNING:
'cuml' is a soft dependency and not included in the pycaret installation. Please run: `pip install cuml` to install.
2026-02-07 15:00:06,144:WARNING:
'cuml' is a soft dependency and not included in the pycaret installation. Please run: `pip install cuml` to install.
2026-02-07 15:00:06,144:WARNING:
'cuml' is a soft dependency and not included in the pycaret installation. Please run: `pip install cuml` to install.
2026-02-07 15:00:06,144:WARNING:
'cuml' is a soft dependency and not included in the pycaret installation. Please run: `pip install cuml` to install.
2026-02-07 15:00:06,144:WARNING:
'cuml' is a soft dependency and not included in the pycaret installation. Please run: `pip install cuml` to install.
2026-02-07 15:35:12,162:INFO:Initializing load_model()
2026-02-07 15:35:12,162:INFO:load_model(model_name=polmaraton_model, platform=None, authentication=None, verbose=True)
2026-02-07 15:35:12,469:INFO:Initializing predict_model()
2026-02-07 15:35:12,469:INFO:predict_model(self=<pycaret.regression.oop.RegressionExperiment object at 0x00000221529FB6D0>, estimator=Pipeline(memory=Memory(location=None),
         steps=[('numerical_imputer',
                 TransformerWrapper(include=['5 km Czas', 'Wiek'],
                                    transformer=SimpleImputer())),
                ('categorical_imputer',
                 TransformerWrapper(include=['P³eæ'],
                                    transformer=SimpleImputer(strategy='most_frequent'))),
                ('ordinal_encoding',
                 TransformerWrapper(include=['P³eæ'],
                                    transformer=OrdinalEncoder(cols=['P³eæ'],
                                                               handle_missing='return_nan',
                                                               mapping=[{'col': 'P³eæ',
                                                                         'data_type': dtype('O'),
                                                                         'mapping': K      0
M      1
NaN   -1
dtype: int64}]))),
                ('clean_column_names',
                 TransformerWrapper(transformer=CleanColumnNames())),
                ('actual_estimator',
                 GradientBoostingRegressor(random_state=3219))]), probability_threshold=None, encoded_labels=False, raw_score=False, round=4, verbose=True, ml_usecase=None, preprocess=True, encode_labels=<function _SupervisedExperiment.predict_model.<locals>.encode_labels at 0x0000022152A1EDE0>)
2026-02-07 15:35:12,469:INFO:Checking exceptions
2026-02-07 15:35:12,469:INFO:Preloading libraries
2026-02-07 15:35:12,469:INFO:Set up data.
2026-02-07 15:35:12,485:INFO:Set up index.
2026-02-07 21:18:13,266:WARNING:
'cuml' is a soft dependency and not included in the pycaret installation. Please run: `pip install cuml` to install.
2026-02-07 21:18:13,266:WARNING:
'cuml' is a soft dependency and not included in the pycaret installation. Please run: `pip install cuml` to install.
2026-02-07 21:18:13,266:WARNING:
'cuml' is a soft dependency and not included in the pycaret installation. Please run: `pip install cuml` to install.
2026-02-07 21:18:13,266:WARNING:
'cuml' is a soft dependency and not included in the pycaret installation. Please run: `pip install cuml` to install.
2026-02-07 21:19:06,296:INFO:Initializing load_model()
2026-02-07 21:19:06,296:INFO:load_model(model_name=polmaraton_model, platform=None, authentication=None, verbose=True)
2026-02-07 21:19:06,557:INFO:Initializing predict_model()
2026-02-07 21:19:06,557:INFO:predict_model(self=<pycaret.regression.oop.RegressionExperiment object at 0x000001CAC1FF2ED0>, estimator=Pipeline(memory=Memory(location=None),
         steps=[('numerical_imputer',
                 TransformerWrapper(include=['5 km Czas', 'Wiek'],
                                    transformer=SimpleImputer())),
                ('categorical_imputer',
                 TransformerWrapper(include=['P³eæ'],
                                    transformer=SimpleImputer(strategy='most_frequent'))),
                ('ordinal_encoding',
                 TransformerWrapper(include=['P³eæ'],
                                    transformer=OrdinalEncoder(cols=['P³eæ'],
                                                               handle_missing='return_nan',
                                                               mapping=[{'col': 'P³eæ',
                                                                         'data_type': dtype('O'),
                                                                         'mapping': K      0
M      1
NaN   -1
dtype: int64}]))),
                ('clean_column_names',
                 TransformerWrapper(transformer=CleanColumnNames())),
                ('actual_estimator',
                 GradientBoostingRegressor(random_state=3219))]), probability_threshold=None, encoded_labels=False, raw_score=False, round=4, verbose=True, ml_usecase=None, preprocess=True, encode_labels=<function _SupervisedExperiment.predict_model.<locals>.encode_labels at 0x000001CAC1191E40>)
2026-02-07 21:19:06,557:INFO:Checking exceptions
2026-02-07 21:19:06,557:INFO:Preloading libraries
2026-02-07 21:19:06,563:INFO:Set up data.
2026-02-07 21:19:06,567:INFO:Set up index.
2026-02-07 21:42:38,782:INFO:Initializing predict_model()
2026-02-07 21:42:38,782:INFO:predict_model(self=<pycaret.regression.oop.RegressionExperiment object at 0x000001CAC34DD010>, estimator=Pipeline(memory=Memory(location=None),
         steps=[('numerical_imputer',
                 TransformerWrapper(include=['5 km Czas', 'Wiek'],
                                    transformer=SimpleImputer())),
                ('categorical_imputer',
                 TransformerWrapper(include=['P³eæ'],
                                    transformer=SimpleImputer(strategy='most_frequent'))),
                ('ordinal_encoding',
                 TransformerWrapper(include=['P³eæ'],
                                    transformer=OrdinalEncoder(cols=['P³eæ'],
                                                               handle_missing='return_nan',
                                                               mapping=[{'col': 'P³eæ',
                                                                         'data_type': dtype('O'),
                                                                         'mapping': K      0
M      1
NaN   -1
dtype: int64}]))),
                ('clean_column_names',
                 TransformerWrapper(transformer=CleanColumnNames())),
                ('actual_estimator',
                 GradientBoostingRegressor(random_state=3219))]), probability_threshold=None, encoded_labels=False, raw_score=False, round=4, verbose=True, ml_usecase=None, preprocess=True, encode_labels=<function _SupervisedExperiment.predict_model.<locals>.encode_labels at 0x000001CA9F3A84A0>)
2026-02-07 21:42:38,783:INFO:Checking exceptions
2026-02-07 21:42:38,783:INFO:Preloading libraries
2026-02-07 21:42:38,783:INFO:Set up data.
2026-02-07 21:42:38,787:INFO:Set up index.
